TN:
SF:src\app.js
FN:18,(anonymous_0)
FN:27,(anonymous_1)
FN:35,(anonymous_2)
FN:44,(anonymous_3)
FN:63,(anonymous_4)
FN:71,(anonymous_5)
FNF:6
FNH:5
FNDA:1,(anonymous_0)
FNDA:1,(anonymous_1)
FNDA:1,(anonymous_2)
FNDA:3,(anonymous_3)
FNDA:1,(anonymous_4)
FNDA:0,(anonymous_5)
DA:1,1
DA:2,1
DA:3,1
DA:5,1
DA:8,1
DA:9,1
DA:10,1
DA:11,1
DA:14,1
DA:15,1
DA:18,1
DA:19,1
DA:27,1
DA:28,1
DA:35,1
DA:37,1
DA:41,1
DA:44,1
DA:45,3
DA:47,3
DA:48,2
DA:53,1
DA:59,1
DA:63,1
DA:64,1
DA:71,1
DA:72,0
DA:73,0
DA:79,1
LF:29
LH:27
BRDA:14,0,0,1
BRDA:14,0,1,1
BRDA:15,1,0,1
BRDA:15,1,1,0
BRDA:47,2,0,2
BRDA:47,2,1,1
BRDA:47,3,0,3
BRDA:47,3,1,2
BRF:8
BRH:7
end_of_record
TN:
SF:src\routes\index.js
FNF:0
FNH:0
LF:0
LH:0
BRF:0
BRH:0
end_of_record
